This is pdfTeX, Version 3.14159265-2.6-1.40.18 (TeX Live 2017) (preloaded format=pdflatex 2017.11.8)  25 JAN 2018 16:20
entering extended mode
 restricted \write18 enabled.
 file:line:error style messages enabled.
 %&-line parsing enabled.
**CAEAq-SN.tex
(./CAEAq-SN.tex
LaTeX2e <2017-04-15>
Babel <3.10> and hyphenation patterns for 84 language(s) loaded.
(./IEEEtran.cls
Document Class: IEEEtran 2015/08/26 V1.8b by Michael Shell
-- See the "IEEEtran_HOWTO" manual for usage information.
-- http://www.michaelshell.org/tex/ieeetran/
\@IEEEtrantmpdimenA=\dimen102
\@IEEEtrantmpdimenB=\dimen103
\@IEEEtrantmpdimenC=\dimen104
\@IEEEtrantmpcountA=\count79
\@IEEEtrantmpcountB=\count80
\@IEEEtrantmpcountC=\count81
\@IEEEtrantmptoksA=\toks14
LaTeX Font Info:    Try loading font information for OT1+ptm on input line 503.

(/usr/local/texlive/2017/texmf-dist/tex/latex/psnfss/ot1ptm.fd
File: ot1ptm.fd 2001/06/04 font definitions for OT1/ptm.
)
-- Using 8.5in x 11in (letter) paper.
-- Using PDF output.
\@IEEEnormalsizeunitybaselineskip=\dimen105
-- This is a 10 point document.
\CLASSINFOnormalsizebaselineskip=\dimen106
\CLASSINFOnormalsizeunitybaselineskip=\dimen107
\IEEEnormaljot=\dimen108
LaTeX Font Info:    Font shape `OT1/ptm/bx/n' in size <5> not available
(Font)              Font shape `OT1/ptm/b/n' tried instead on input line 1090.
LaTeX Font Info:    Font shape `OT1/ptm/bx/it' in size <5> not available
(Font)              Font shape `OT1/ptm/b/it' tried instead on input line 1090.

LaTeX Font Info:    Font shape `OT1/ptm/bx/n' in size <7> not available
(Font)              Font shape `OT1/ptm/b/n' tried instead on input line 1090.
LaTeX Font Info:    Font shape `OT1/ptm/bx/it' in size <7> not available
(Font)              Font shape `OT1/ptm/b/it' tried instead on input line 1090.

LaTeX Font Info:    Font shape `OT1/ptm/bx/n' in size <8> not available
(Font)              Font shape `OT1/ptm/b/n' tried instead on input line 1090.
LaTeX Font Info:    Font shape `OT1/ptm/bx/it' in size <8> not available
(Font)              Font shape `OT1/ptm/b/it' tried instead on input line 1090.

LaTeX Font Info:    Font shape `OT1/ptm/bx/n' in size <9> not available
(Font)              Font shape `OT1/ptm/b/n' tried instead on input line 1090.
LaTeX Font Info:    Font shape `OT1/ptm/bx/it' in size <9> not available
(Font)              Font shape `OT1/ptm/b/it' tried instead on input line 1090.

LaTeX Font Info:    Font shape `OT1/ptm/bx/n' in size <10> not available
(Font)              Font shape `OT1/ptm/b/n' tried instead on input line 1090.
LaTeX Font Info:    Font shape `OT1/ptm/bx/it' in size <10> not available
(Font)              Font shape `OT1/ptm/b/it' tried instead on input line 1090.

LaTeX Font Info:    Font shape `OT1/ptm/bx/n' in size <11> not available
(Font)              Font shape `OT1/ptm/b/n' tried instead on input line 1090.
LaTeX Font Info:    Font shape `OT1/ptm/bx/it' in size <11> not available
(Font)              Font shape `OT1/ptm/b/it' tried instead on input line 1090.

LaTeX Font Info:    Font shape `OT1/ptm/bx/n' in size <12> not available
(Font)              Font shape `OT1/ptm/b/n' tried instead on input line 1090.
LaTeX Font Info:    Font shape `OT1/ptm/bx/it' in size <12> not available
(Font)              Font shape `OT1/ptm/b/it' tried instead on input line 1090.

LaTeX Font Info:    Font shape `OT1/ptm/bx/n' in size <17> not available
(Font)              Font shape `OT1/ptm/b/n' tried instead on input line 1090.
LaTeX Font Info:    Font shape `OT1/ptm/bx/it' in size <17> not available
(Font)              Font shape `OT1/ptm/b/it' tried instead on input line 1090.

LaTeX Font Info:    Font shape `OT1/ptm/bx/n' in size <20> not available
(Font)              Font shape `OT1/ptm/b/n' tried instead on input line 1090.
LaTeX Font Info:    Font shape `OT1/ptm/bx/it' in size <20> not available
(Font)              Font shape `OT1/ptm/b/it' tried instead on input line 1090.

LaTeX Font Info:    Font shape `OT1/ptm/bx/n' in size <24> not available
(Font)              Font shape `OT1/ptm/b/n' tried instead on input line 1090.
LaTeX Font Info:    Font shape `OT1/ptm/bx/it' in size <24> not available
(Font)              Font shape `OT1/ptm/b/it' tried instead on input line 1090.

\IEEEquantizedlength=\dimen109
\IEEEquantizedlengthdiff=\dimen110
\IEEEquantizedtextheightdiff=\dimen111
\IEEEilabelindentA=\dimen112
\IEEEilabelindentB=\dimen113
\IEEEilabelindent=\dimen114
\IEEEelabelindent=\dimen115
\IEEEdlabelindent=\dimen116
\IEEElabelindent=\dimen117
\IEEEiednormlabelsep=\dimen118
\IEEEiedmathlabelsep=\dimen119
\IEEEiedtopsep=\skip41
\c@section=\count82
\c@subsection=\count83
\c@subsubsection=\count84
\c@paragraph=\count85
\c@IEEEsubequation=\count86
\abovecaptionskip=\skip42
\belowcaptionskip=\skip43
\c@figure=\count87
\c@table=\count88
\@IEEEeqnnumcols=\count89
\@IEEEeqncolcnt=\count90
\@IEEEsubeqnnumrollback=\count91
\@IEEEquantizeheightA=\dimen120
\@IEEEquantizeheightB=\dimen121
\@IEEEquantizeheightC=\dimen122
\@IEEEquantizeprevdepth=\dimen123
\@IEEEquantizemultiple=\count92
\@IEEEquantizeboxA=\box26
\@IEEEtmpitemindent=\dimen124
\IEEEPARstartletwidth=\dimen125
\c@IEEEbiography=\count93
\@IEEEtranrubishbin=\box27
) (/usr/local/texlive/2017/texmf-dist/tex/latex/cjk/texinput/CJK.sty
Package: CJK 2015/04/18 4.8.4

(/usr/local/texlive/2017/texmf-dist/tex/latex/cjk/texinput/mule/MULEenc.sty
Package: MULEenc 2015/04/18 4.8.4
)
(/usr/local/texlive/2017/texmf-dist/tex/latex/cjk/texinput/CJK.enc
File: CJK.enc 2015/04/18 4.8.4
)
LaTeX Info: Redefining \selectfont on input line 755.
\CJK@indent=\box28
)
(/usr/local/texlive/2017/texmf-dist/tex/latex/cite/cite.sty
LaTeX Info: Redefining \cite on input line 302.
LaTeX Info: Redefining \nocite on input line 332.
Package: cite 2015/02/27  v 5.5
)
(/usr/local/texlive/2017/texmf-dist/tex/latex/graphics/graphicx.sty
Package: graphicx 2014/10/28 v1.0g Enhanced LaTeX Graphics (DPC,SPQR)

(/usr/local/texlive/2017/texmf-dist/tex/latex/graphics/keyval.sty
Package: keyval 2014/10/28 v1.15 key=value parser (DPC)
\KV@toks@=\toks15
)
(/usr/local/texlive/2017/texmf-dist/tex/latex/graphics/graphics.sty
Package: graphics 2017/04/14 v1.1b Standard LaTeX Graphics (DPC,SPQR)

(/usr/local/texlive/2017/texmf-dist/tex/latex/graphics/trig.sty
Package: trig 2016/01/03 v1.10 sin cos tan (DPC)
)
(/usr/local/texlive/2017/texmf-dist/tex/latex/graphics-cfg/graphics.cfg
File: graphics.cfg 2016/06/04 v1.11 sample graphics configuration
)
Package graphics Info: Driver file: pdftex.def on input line 99.

(/usr/local/texlive/2017/texmf-dist/tex/latex/graphics-def/pdftex.def
File: pdftex.def 2017/01/12 v0.06k Graphics/color for pdfTeX

(/usr/local/texlive/2017/texmf-dist/tex/generic/oberdiek/infwarerr.sty
Package: infwarerr 2016/05/16 v1.4 Providing info/warning/error messages (HO)
)
(/usr/local/texlive/2017/texmf-dist/tex/generic/oberdiek/ltxcmds.sty
Package: ltxcmds 2016/05/16 v1.23 LaTeX kernel commands for general use (HO)
)
\Gread@gobject=\count94
))
\Gin@req@height=\dimen126
\Gin@req@width=\dimen127
)
(/usr/local/texlive/2017/texmf-dist/tex/latex/amsmath/amsmath.sty
Package: amsmath 2016/11/05 v2.16a AMS math features
\@mathmargin=\skip44

For additional information on amsmath, use the `?' option.
(/usr/local/texlive/2017/texmf-dist/tex/latex/amsmath/amstext.sty
Package: amstext 2000/06/29 v2.01 AMS text

(/usr/local/texlive/2017/texmf-dist/tex/latex/amsmath/amsgen.sty
File: amsgen.sty 1999/11/30 v2.0 generic functions
\@emptytoks=\toks16
\ex@=\dimen128
))
(/usr/local/texlive/2017/texmf-dist/tex/latex/amsmath/amsbsy.sty
Package: amsbsy 1999/11/29 v1.2d Bold Symbols
\pmbraise@=\dimen129
)
(/usr/local/texlive/2017/texmf-dist/tex/latex/amsmath/amsopn.sty
Package: amsopn 2016/03/08 v2.02 operator names
)
\inf@bad=\count95
LaTeX Info: Redefining \frac on input line 213.
\uproot@=\count96
\leftroot@=\count97
LaTeX Info: Redefining \overline on input line 375.
\classnum@=\count98
\DOTSCASE@=\count99
LaTeX Info: Redefining \ldots on input line 472.
LaTeX Info: Redefining \dots on input line 475.
LaTeX Info: Redefining \cdots on input line 596.
\Mathstrutbox@=\box29
\strutbox@=\box30
\big@size=\dimen130
LaTeX Font Info:    Redeclaring font encoding OML on input line 712.
LaTeX Font Info:    Redeclaring font encoding OMS on input line 713.
\macc@depth=\count100
\c@MaxMatrixCols=\count101
\dotsspace@=\muskip10
\c@parentequation=\count102
\dspbrk@lvl=\count103
\tag@help=\toks17
\row@=\count104
\column@=\count105
\maxfields@=\count106
\andhelp@=\toks18
\eqnshift@=\dimen131
\alignsep@=\dimen132
\tagshift@=\dimen133
\tagwidth@=\dimen134
\totwidth@=\dimen135
\lineht@=\dimen136
\@envbody=\toks19
\multlinegap=\skip45
\multlinetaggap=\skip46
\mathdisplay@stack=\toks20
LaTeX Info: Redefining \[ on input line 2817.
LaTeX Info: Redefining \] on input line 2818.
)
(/usr/local/texlive/2017/texmf-dist/tex/latex/amscls/amsthm.sty
Package: amsthm 2015/03/04 v2.20.2
\thm@style=\toks21
\thm@bodyfont=\toks22
\thm@headfont=\toks23
\thm@notefont=\toks24
\thm@headpunct=\toks25
\thm@preskip=\skip47
\thm@postskip=\skip48
\thm@headsep=\skip49
\dth@everypar=\toks26
)
(/usr/local/texlive/2017/texmf-dist/tex/latex/amsfonts/amssymb.sty
Package: amssymb 2013/01/14 v3.01 AMS font symbols

(/usr/local/texlive/2017/texmf-dist/tex/latex/amsfonts/amsfonts.sty
Package: amsfonts 2013/01/14 v3.01 Basic AMSFonts support
\symAMSa=\mathgroup4
\symAMSb=\mathgroup5
LaTeX Font Info:    Overwriting math alphabet `\mathfrak' in version `bold'
(Font)                  U/euf/m/n --> U/euf/b/n on input line 106.
))
(/usr/local/texlive/2017/texmf-dist/tex/latex/algorithms/algorithmic.sty
Package: algorithmic 2009/08/24 v0.1 Document Style `algorithmic'

(/usr/local/texlive/2017/texmf-dist/tex/latex/base/ifthen.sty
Package: ifthen 2014/09/29 v1.1c Standard LaTeX ifthen package (DPC)
)
\c@ALC@unique=\count107
\c@ALC@line=\count108
\c@ALC@rem=\count109
\c@ALC@depth=\count110
\ALC@tlm=\skip50
\algorithmicindent=\skip51
)
(/usr/local/texlive/2017/texmf-dist/tex/latex/algorithm2e/algorithm2e.sty
Package: algorithm2e 2013/01/06 v5.00 algorithms environments
\c@AlgoLine=\count111
\algocf@hangindent=\skip52

(/usr/local/texlive/2017/texmf-dist/tex/latex/tools/xspace.sty
Package: xspace 2014/10/28 v1.13 Space after command names (DPC,MH)
)
(/usr/local/texlive/2017/texmf-dist/tex/latex/relsize/relsize.sty
Package: relsize 2013/03/29 ver 4.1
)
********************************************************
Package `algorithm2e' Release 5.1 -- october 19 2015 --
- algorithm2e-announce@lirmm.fr mailing list for announcement about releases
- algorithm2e-discussion@lirmm.fr mailing list for discussion about package
subscribe by emailing sympa@lirmm.fr with 'subscribe <list> <firstname name>'
- Author: Christophe Fiorio (christophe.fiorio@umontpellier.fr)
********************************************************
\skiptotal=\skip53
\skiplinenumber=\skip54
\skiprule=\skip55
\skiphlne=\skip56
\skiptext=\skip57
\skiplength=\skip58
\algomargin=\skip59
\skipalgocfslide=\skip60
\algowidth=\dimen137
\inoutsize=\dimen138
\inoutindent=\dimen139
\interspacetitleruled=\dimen140
\interspacealgoruled=\dimen141
\interspacetitleboxruled=\dimen142
\algocf@ruledwidth=\skip61
\algocf@inoutbox=\box31
\algocf@inputbox=\box32
\AlCapSkip=\skip62
\AlCapHSkip=\skip63
\algoskipindent=\skip64
\algocf@nlbox=\box33
\algocf@hangingbox=\box34
\algocf@untilbox=\box35
\algocf@skipuntil=\skip65
\algocf@capbox=\box36
\algoheightruledefault=\skip66
\algoheightrule=\skip67
\algotitleheightruledefault=\skip68
\algotitleheightrule=\skip69
\c@algocfline=\count112
\c@algocfproc=\count113
\c@algocf=\count114
\algocf@algoframe=\box37
\algocf@algobox=\box38
) (/usr/local/texlive/2017/texmf-dist/tex/latex/tools/array.sty
Package: array 2016/10/06 v2.4d Tabular extension package (FMi)
\col@sep=\dimen143
\extrarowheight=\dimen144
\NC@list=\toks27
\extratabsurround=\skip70
\backup@length=\skip71
)
(/usr/local/texlive/2017/texmf-dist/tex/latex/subfig/subfig.sty
Package: subfig 2005/06/28 ver: 1.3 subfig package

(/usr/local/texlive/2017/texmf-dist/tex/latex/caption/caption3.sty
Package: caption3 2016/05/22 v1.7-166 caption3 kernel (AR)
Package caption3 Info: TeX engine: e-TeX on input line 67.
\captionmargin=\dimen145
\captionmargin@=\dimen146
\captionwidth=\dimen147
\caption@tempdima=\dimen148
\caption@indent=\dimen149
\caption@parindent=\dimen150
\caption@hangindent=\dimen151
Package caption Info: Unknown document class (or package),
(caption)             standard defaults will be used.
)
\c@KVtest=\count115
\sf@farskip=\skip72
\sf@captopadj=\dimen152
\sf@capskip=\skip73
\sf@nearskip=\skip74
\c@subfigure=\count116
\c@subfigure@save=\count117
\c@lofdepth=\count118
\c@subtable=\count119
\c@subtable@save=\count120
\c@lotdepth=\count121
\sf@top=\skip75
\sf@bottom=\skip76
)
(/usr/local/texlive/2017/texmf-dist/tex/latex/url/url.sty
\Urlmuskip=\muskip11
Package: url 2013/09/16  ver 3.4  Verb mode for urls, etc.
)
(/usr/local/texlive/2017/texmf-dist/tex/latex/tools/bm.sty
Package: bm 2017/01/16 v1.2c Bold Symbol Support (DPC/FMi)
\symboldoperators=\mathgroup6
\symboldletters=\mathgroup7
\symboldsymbols=\mathgroup8
LaTeX Font Info:    Redeclaring math alphabet \mathbf on input line 141.
LaTeX Info: Redefining \bm on input line 207.
)
(/usr/local/texlive/2017/texmf-dist/tex/latex/multirow/multirow.sty
Package: multirow 2016/11/25 v2.2 Span multiple rows of a table
\multirow@colwidth=\skip77
\multirow@cntb=\count122
\multirow@dima=\skip78
\bigstrutjot=\dimen153
)
(/usr/local/texlive/2017/texmf-dist/tex/latex/booktabs/booktabs.sty
Package: booktabs 2016/04/27 v1.618033 publication quality tables
\heavyrulewidth=\dimen154
\lightrulewidth=\dimen155
\cmidrulewidth=\dimen156
\belowrulesep=\dimen157
\belowbottomsep=\dimen158
\aboverulesep=\dimen159
\abovetopsep=\dimen160
\cmidrulesep=\dimen161
\cmidrulekern=\dimen162
\defaultaddspace=\dimen163
\@cmidla=\count123
\@cmidlb=\count124
\@aboverulesep=\dimen164
\@belowrulesep=\dimen165
\@thisruleclass=\count125
\@lastruleclass=\count126
\@thisrulewidth=\dimen166
)
(/usr/local/texlive/2017/texmf-dist/tex/latex/tabu/tabu.sty
Package: tabu 2011/02/26 v2.8 - flexible LaTeX tabulars (FC)

(/usr/local/texlive/2017/texmf-dist/tex/latex/varwidth/varwidth.sty
Package: varwidth 2009/03/30 ver 0.92;  Variable-width minipages
\@vwid@box=\box39
\sift@deathcycles=\count127
\@vwid@loff=\dimen167
\@vwid@roff=\dimen168
)
\c@taburow=\count128
\tabu@nbcols=\count129
\tabu@cnt=\count130
\tabu@Xcol=\count131
\tabu@alloc=\count132
\tabu@nested=\count133
\tabu@target=\dimen169
\tabu@spreadtarget=\dimen170
\tabu@naturalX=\dimen171
\tabucolX=\dimen172
\tabu@Xsum=\dimen173
\extrarowdepth=\dimen174
\abovetabulinesep=\dimen175
\belowtabulinesep=\dimen176
\tabustrutrule=\dimen177
\tabu@thebody=\toks28
\tabu@footnotes=\toks29
\tabu@box=\box40
\tabu@arstrutbox=\box41
\tabu@hleads=\box42
\tabu@vleads=\box43
\tabu@cellskip=\skip79
)
(/usr/local/texlive/2017/texmf-dist/tex/latex/colortbl/colortbl.sty
Package: colortbl 2012/02/13 v1.0a Color table columns (DPC)

(/usr/local/texlive/2017/texmf-dist/tex/latex/graphics/color.sty
Package: color 2016/07/10 v1.1e Standard LaTeX Color (DPC)

(/usr/local/texlive/2017/texmf-dist/tex/latex/graphics-cfg/color.cfg
File: color.cfg 2016/01/02 v1.6 sample color configuration
)
Package color Info: Driver file: pdftex.def on input line 147.
)
\everycr=\toks30
\minrowclearance=\skip80
)
(/usr/local/texlive/2017/texmf-dist/tex/latex/xcolor/xcolor.sty
Package: xcolor 2016/05/11 v2.12 LaTeX color extensions (UK)

(/usr/local/texlive/2017/texmf-dist/tex/latex/graphics-cfg/color.cfg
File: color.cfg 2016/01/02 v1.6 sample color configuration
)
Package xcolor Info: Package option `table*' ignored on input line 216.
Package xcolor Info: Driver file: pdftex.def on input line 225.
LaTeX Info: Redefining \color on input line 709.
Package xcolor Info: Model `cmy' substituted by `cmy0' on input line 1348.
Package xcolor Info: Model `hsb' substituted by `rgb' on input line 1352.
Package xcolor Info: Model `RGB' extended on input line 1364.
Package xcolor Info: Model `HTML' substituted by `rgb' on input line 1366.
Package xcolor Info: Model `Hsb' substituted by `hsb' on input line 1367.
Package xcolor Info: Model `tHsb' substituted by `hsb' on input line 1368.
Package xcolor Info: Model `HSB' substituted by `hsb' on input line 1369.
Package xcolor Info: Model `Gray' substituted by `gray' on input line 1370.
Package xcolor Info: Model `wave' substituted by `hsb' on input line 1371.
)
(/usr/local/texlive/2017/texmf-dist/tex/latex/graphics/rotating.sty
Package: rotating 2016/08/11 v2.16d rotated objects in LaTeX
\c@r@tfl@t=\count134
\rotFPtop=\skip81
\rotFPbot=\skip82
\rot@float@box=\box44
\rot@mess@toks=\toks31
)
(/usr/local/texlive/2017/texmf-dist/tex/latex/sidecap/sidecap.sty
Package: sidecap 2003/06/06 v1.6f SideCap Package (RN/HjG)
\SC@BOXWD=\dimen178
\SC@CAPWD=\dimen179
\SC@tempdima=\dimen180
\SC@tempdimb=\dimen181
\c@SC@C=\count135
\SC@BOX=\box45
)
\c@definition=\count136
\c@theorem=\count137
\c@corollary=\count138
\c@lemma=\count139

(./CAEAq-SN.aux

LaTeX Warning: Label `NMISN1000' multiply defined.

)
\openout1 = `CAEAq-SN.aux'.

LaTeX Font Info:    Checking defaults for OML/cmm/m/it on input line 332.
LaTeX Font Info:    ... okay on input line 332.
LaTeX Font Info:    Checking defaults for T1/cmr/m/n on input line 332.
LaTeX Font Info:    ... okay on input line 332.
LaTeX Font Info:    Checking defaults for OT1/cmr/m/n on input line 332.
LaTeX Font Info:    ... okay on input line 332.
LaTeX Font Info:    Checking defaults for OMS/cmsy/m/n on input line 332.
LaTeX Font Info:    ... okay on input line 332.
LaTeX Font Info:    Checking defaults for OMX/cmex/m/n on input line 332.
LaTeX Font Info:    ... okay on input line 332.
LaTeX Font Info:    Checking defaults for U/cmr/m/n on input line 332.
LaTeX Font Info:    ... okay on input line 332.
LaTeX Font Info:    Checking defaults for C00/song/m/n on input line 332.
LaTeX Font Info:    ... okay on input line 332.
LaTeX Font Info:    Checking defaults for C05/song/m/n on input line 332.
LaTeX Font Info:    ... okay on input line 332.
LaTeX Font Info:    Checking defaults for C09/song/m/n on input line 332.
LaTeX Font Info:    ... okay on input line 332.
LaTeX Font Info:    Checking defaults for C10/song/m/n on input line 332.
LaTeX Font Info:    ... okay on input line 332.
LaTeX Font Info:    Checking defaults for C20/song/m/n on input line 332.
LaTeX Font Info:    ... okay on input line 332.
LaTeX Font Info:    Checking defaults for C19/song/m/n on input line 332.
LaTeX Font Info:    ... okay on input line 332.
LaTeX Font Info:    Checking defaults for C40/song/m/n on input line 332.
LaTeX Font Info:    ... okay on input line 332.
LaTeX Font Info:    Checking defaults for C42/song/m/n on input line 332.
LaTeX Font Info:    ... okay on input line 332.
LaTeX Font Info:    Checking defaults for C43/song/m/n on input line 332.
LaTeX Font Info:    ... okay on input line 332.
LaTeX Font Info:    Checking defaults for C50/song/m/n on input line 332.
LaTeX Font Info:    ... okay on input line 332.
LaTeX Font Info:    Checking defaults for C52/song/m/n on input line 332.
LaTeX Font Info:    ... okay on input line 332.
LaTeX Font Info:    Checking defaults for C49/song/m/n on input line 332.
LaTeX Font Info:    ... okay on input line 332.
LaTeX Font Info:    Checking defaults for C60/mj/m/n on input line 332.
LaTeX Font Info:    ... okay on input line 332.
LaTeX Font Info:    Checking defaults for C61/mj/m/n on input line 332.
LaTeX Font Info:    ... okay on input line 332.
LaTeX Font Info:    Checking defaults for C63/mj/m/n on input line 332.
LaTeX Font Info:    ... okay on input line 332.
LaTeX Font Info:    Checking defaults for C64/mj/m/n on input line 332.
LaTeX Font Info:    ... okay on input line 332.
LaTeX Font Info:    Checking defaults for C65/mj/m/n on input line 332.
LaTeX Font Info:    ... okay on input line 332.
LaTeX Font Info:    Checking defaults for C70/song/m/n on input line 332.
LaTeX Font Info:    ... okay on input line 332.
LaTeX Font Info:    Checking defaults for C31/song/m/n on input line 332.
LaTeX Font Info:    ... okay on input line 332.
LaTeX Font Info:    Checking defaults for C32/song/m/n on input line 332.
LaTeX Font Info:    ... okay on input line 332.
LaTeX Font Info:    Checking defaults for C33/song/m/n on input line 332.
LaTeX Font Info:    ... okay on input line 332.
LaTeX Font Info:    Checking defaults for C34/song/m/n on input line 332.
LaTeX Font Info:    ... okay on input line 332.
LaTeX Font Info:    Checking defaults for C35/song/m/n on input line 332.
LaTeX Font Info:    ... okay on input line 332.
LaTeX Font Info:    Checking defaults for C36/song/m/n on input line 332.
LaTeX Font Info:    ... okay on input line 332.
LaTeX Font Info:    Checking defaults for C37/song/m/n on input line 332.
LaTeX Font Info:    ... okay on input line 332.
LaTeX Font Info:    Checking defaults for C80/song/m/n on input line 332.
LaTeX Font Info:    ... okay on input line 332.
LaTeX Font Info:    Checking defaults for C81/song/m/n on input line 332.
LaTeX Font Info:    ... okay on input line 332.
LaTeX Font Info:    Checking defaults for C01/song/m/n on input line 332.
LaTeX Font Info:    ... okay on input line 332.
LaTeX Font Info:    Checking defaults for C11/song/m/n on input line 332.
LaTeX Font Info:    ... okay on input line 332.
LaTeX Font Info:    Checking defaults for C21/song/m/n on input line 332.
LaTeX Font Info:    ... okay on input line 332.
LaTeX Font Info:    Checking defaults for C41/song/m/n on input line 332.
LaTeX Font Info:    ... okay on input line 332.
LaTeX Font Info:    Checking defaults for C62/song/m/n on input line 332.
LaTeX Font Info:    ... okay on input line 332.

-- Lines per column: 58 (exact).
(/usr/local/texlive/2017/texmf-dist/tex/context/base/mkii/supp-pdf.mkii
[Loading MPS to PDF converter (version 2006.09.02).]
\scratchcounter=\count140
\scratchdimen=\dimen182
\scratchbox=\box46
\nofMPsegments=\count141
\nofMParguments=\count142
\everyMPshowfont=\toks32
\MPscratchCnt=\count143
\MPscratchDim=\dimen183
\MPnumerator=\count144
\makeMPintoPDFobject=\count145
\everyMPtoPDFconversion=\toks33
) (/usr/local/texlive/2017/texmf-dist/tex/generic/oberdiek/pdftexcmds.sty
Package: pdftexcmds 2017/03/19 v0.25 Utility functions of pdfTeX for LuaTeX (HO
)

(/usr/local/texlive/2017/texmf-dist/tex/generic/oberdiek/ifluatex.sty
Package: ifluatex 2016/05/16 v1.4 Provides the ifluatex switch (HO)
Package ifluatex Info: LuaTeX not detected.
)
(/usr/local/texlive/2017/texmf-dist/tex/generic/oberdiek/ifpdf.sty
Package: ifpdf 2017/03/15 v3.2 Provides the ifpdf switch
)
Package pdftexcmds Info: LuaTeX not detected.
Package pdftexcmds Info: \pdf@primitive is available.
Package pdftexcmds Info: \pdf@ifprimitive is available.
Package pdftexcmds Info: \pdfdraftmode found.
)
(/usr/local/texlive/2017/texmf-dist/tex/latex/oberdiek/epstopdf-base.sty
Package: epstopdf-base 2016/05/15 v2.6 Base part for package epstopdf

(/usr/local/texlive/2017/texmf-dist/tex/latex/oberdiek/grfext.sty
Package: grfext 2016/05/16 v1.2 Manage graphics extensions (HO)

(/usr/local/texlive/2017/texmf-dist/tex/generic/oberdiek/kvdefinekeys.sty
Package: kvdefinekeys 2016/05/16 v1.4 Define keys (HO)
))
(/usr/local/texlive/2017/texmf-dist/tex/latex/oberdiek/kvoptions.sty
Package: kvoptions 2016/05/16 v3.12 Key value format for package options (HO)

(/usr/local/texlive/2017/texmf-dist/tex/generic/oberdiek/kvsetkeys.sty
Package: kvsetkeys 2016/05/16 v1.17 Key value parser (HO)

(/usr/local/texlive/2017/texmf-dist/tex/generic/oberdiek/etexcmds.sty
Package: etexcmds 2016/05/16 v1.6 Avoid name clashes with e-TeX commands (HO)
Package etexcmds Info: Could not find \expanded.
(etexcmds)             That can mean that you are not using pdfTeX 1.50 or
(etexcmds)             that some package has redefined \expanded.
(etexcmds)             In the latter case, load this package earlier.
)))
Package epstopdf-base Info: Redefining graphics rule for `.eps' on input line 4
38.
Package grfext Info: Graphics extension search list:
(grfext)             [.png,.pdf,.jpg,.mps,.jpeg,.jbig2,.jb2,.PNG,.PDF,.JPG,.JPE
G,.JBIG2,.JB2,.eps]
(grfext)             \AppendGraphicsExtensions on input line 456.

(/usr/local/texlive/2017/texmf-dist/tex/latex/latexconfig/epstopdf-sys.cfg
File: epstopdf-sys.cfg 2010/07/13 v1.3 Configuration of (r)epstopdf for TeX Liv
e
))
Package caption Info: Begin \AtBeginDocument code.
Package caption Info: subfig package v1.3 is loaded.
Package caption Info: End \AtBeginDocument code.

(/usr/local/texlive/2017/texmf-dist/tex/latex/ms/ragged2e.sty
Package: ragged2e 2009/05/21 v2.1 ragged2e Package (MS)

(/usr/local/texlive/2017/texmf-dist/tex/latex/ms/everysel.sty
Package: everysel 2011/10/28 v1.2 EverySelectfont Package (MS)

ABD: EverySelectfont initializing macros
LaTeX Info: Redefining \selectfont on input line 126.
)
\CenteringLeftskip=\skip83
\RaggedLeftLeftskip=\skip84
\RaggedRightLeftskip=\skip85
\CenteringRightskip=\skip86
\RaggedLeftRightskip=\skip87
\RaggedRightRightskip=\skip88
\CenteringParfillskip=\skip89
\RaggedLeftParfillskip=\skip90
\RaggedRightParfillskip=\skip91
\JustifyingParfillskip=\skip92
\CenteringParindent=\skip93
\RaggedLeftParindent=\skip94
\RaggedRightParindent=\skip95
\JustifyingParindent=\skip96
)
LaTeX Font Info:    Calculating math sizes for size <11> on input line 388.
LaTeX Font Info:    Try loading font information for U+msa on input line 388.

(/usr/local/texlive/2017/texmf-dist/tex/latex/amsfonts/umsa.fd
File: umsa.fd 2013/01/14 v3.01 AMS symbols A
)
LaTeX Font Info:    Try loading font information for U+msb on input line 388.

(/usr/local/texlive/2017/texmf-dist/tex/latex/amsfonts/umsb.fd
File: umsb.fd 2013/01/14 v3.01 AMS symbols B
) [1{/usr/local/texlive/2017/texmf-var/fonts/map/pdftex/updmap/pdftex.map}


]

LaTeX Warning: Reference `section:CAEAqSN' on page 2 undefined on input line 46
1.

[2]
Package epstopdf Info: Source file: <./Figure/case1.eps>
(epstopdf)                    date: 2017-11-20 12:23:37
(epstopdf)                    size: 35248 bytes
(epstopdf)             Output file: <./Figure/case1-eps-converted-to.pdf>
(epstopdf)                    date: 2017-11-20 12:24:21
(epstopdf)                    size: 33654 bytes
(epstopdf)             Command: <repstopdf --outfile=./Figure/case1-eps-convert
ed-to.pdf ./Figure/case1.eps>
(epstopdf)             \includegraphics on input line 562.
Package epstopdf Info: Output file is already uptodate.
 <./Figure/case1-eps-converted-to.pdf, id=21, 159.59625pt x 121.45375pt>
File: ./Figure/case1-eps-converted-to.pdf Graphic file (type pdf)

<use ./Figure/case1-eps-converted-to.pdf>
Package pdftex.def Info: ./Figure/case1-eps-converted-to.pdf used on input line
 562.
(pdftex.def)             Requested size: 75.60077pt x 57.53174pt.
Package epstopdf Info: Source file: <./Figure/case2.eps>
(epstopdf)                    date: 2017-11-20 12:23:35
(epstopdf)                    size: 34998 bytes
(epstopdf)             Output file: <./Figure/case2-eps-converted-to.pdf>
(epstopdf)                    date: 2017-11-20 12:24:21
(epstopdf)                    size: 32424 bytes
(epstopdf)             Command: <repstopdf --outfile=./Figure/case2-eps-convert
ed-to.pdf ./Figure/case2.eps>
(epstopdf)             \includegraphics on input line 566.
Package epstopdf Info: Output file is already uptodate.

<./Figure/case2-eps-converted-to.pdf, id=22, 159.59625pt x 121.45375pt>
File: ./Figure/case2-eps-converted-to.pdf Graphic file (type pdf)

<use ./Figure/case2-eps-converted-to.pdf>
Package pdftex.def Info: ./Figure/case2-eps-converted-to.pdf used on input line
 566.
(pdftex.def)             Requested size: 75.60077pt x 57.53174pt.
Package epstopdf Info: Source file: <./Figure/case3.eps>
(epstopdf)                    date: 2017-11-20 12:23:39
(epstopdf)                    size: 32748 bytes
(epstopdf)             Output file: <./Figure/case3-eps-converted-to.pdf>
(epstopdf)                    date: 2017-11-20 12:25:57
(epstopdf)                    size: 28824 bytes
(epstopdf)             Command: <repstopdf --outfile=./Figure/case3-eps-convert
ed-to.pdf ./Figure/case3.eps>
(epstopdf)             \includegraphics on input line 570.
Package epstopdf Info: Output file is already uptodate.

<./Figure/case3-eps-converted-to.pdf, id=23, 159.59625pt x 121.45375pt>
File: ./Figure/case3-eps-converted-to.pdf Graphic file (type pdf)

<use ./Figure/case3-eps-converted-to.pdf>
Package pdftex.def Info: ./Figure/case3-eps-converted-to.pdf used on input line
 570.
(pdftex.def)             Requested size: 75.60077pt x 57.53174pt.

Overfull \hbox (4.45834pt too wide) detected at line 597
\OT1/cmr/m/n/10 	(\OML/cmm/m/it/10 x\OT1/cmr/m/n/10 ) = []
 []

[3 <./Figure/case1-eps-converted-to.pdf> <./Figure/case2-eps-converted-to.pdf> 
<./Figure/case3-eps-converted-to.pdf>]
Package epstopdf Info: Source file: <./Figure/locus-based.eps>
(epstopdf)                    date: 2018-01-25 16:03:59
(epstopdf)                    size: 3344298 bytes
(epstopdf)             Output file: <./Figure/locus-based-eps-converted-to.pdf>

(epstopdf)                    date: 2018-01-25 16:12:21
(epstopdf)                    size: 54972 bytes
(epstopdf)             Command: <repstopdf --outfile=./Figure/locus-based-eps-c
onverted-to.pdf ./Figure/locus-based.eps>
(epstopdf)             \includegraphics on input line 658.
Package epstopdf Info: Output file is already uptodate.

<./Figure/locus-based-eps-converted-to.pdf, id=40, 930.47626pt x 445.665pt>
File: ./Figure/locus-based-eps-converted-to.pdf Graphic file (type pdf)

<use ./Figure/locus-based-eps-converted-to.pdf>
Package pdftex.def Info: ./Figure/locus-based-eps-converted-to.pdf used on inpu
t line 658.
(pdftex.def)             Requested size: 252.0pt x 120.69836pt.
 [4 <./Figure/locus-based-eps-converted-to.pdf>] [5] [6]
Underfull \hbox (badness 3098) in paragraph at lines 1078--1082
\OT1/ptm/m/n/10 per-for-mance of CAEAh-SN on larger SNs, a pop-u-lar
 []


Underfull \hbox (badness 3439) in paragraph at lines 1078--1082
\OT1/ptm/m/n/10 SRN gen-er-a-tor pro-posed in [38] is used to gen-er-ate
 []


Underfull \hbox (badness 2680) in paragraph at lines 1078--1082
\OT1/ptm/m/n/10 larger syn-thetic SNs with the given com-mu-nity struc-
 []


Underfull \hbox (badness 1377) in paragraph at lines 1078--1082
\OT1/ptm/m/n/10 tures in our ex-per-i-ments. This SNs gen-er-a-tor com-bines
 []


Underfull \hbox (badness 3590) in paragraph at lines 1078--1082
\OT1/ptm/m/n/10 the gen-er-a-tor pro-posed in [38] and is for-mu-lated as
 []

[7]
Underfull \hbox (badness 1648) in paragraph at lines 1194--1197
\OT1/ptm/m/n/10 and $\OML/cmm/m/it/10 P[]$\OT1/ptm/m/n/10 , are ap-plied to sys
-tem-at-i-cally val-i-date the ro-
 []


Underfull \hbox (badness 2941) in paragraph at lines 1194--1197
\OT1/ptm/m/n/10 bust-ness of CAEAh-SN to noises. To be spe-cific, $\OML/cmm/m/i
t/10 ^^V$\OT1/ptm/m/n/10 ,
 []


LaTeX Warning: Reference `fig:SN100Comparison' on page 8 undefined on input lin
e 1199.


LaTeX Warning: Reference `fig:SN500Comparison' on page 8 undefined on input lin
e 1199.


LaTeX Warning: Float too large for page by 11.59636pt on input line 1260.

Package epstopdf Info: Source file: <./Figure/dynamicmore/nmi5000mu01pn00.eps>
(epstopdf)                    date: 2017-12-01 20:29:01
(epstopdf)                    size: 11005 bytes
(epstopdf)             Output file: <./Figure/dynamicmore/nmi5000mu01pn00-eps-c
onverted-to.pdf>
(epstopdf)                    date: 2017-12-01 20:38:04
(epstopdf)                    size: 7907 bytes
(epstopdf)             Command: <repstopdf --outfile=./Figure/dynamicmore/nmi50
00mu01pn00-eps-converted-to.pdf ./Figure/dynamicmore/nmi5000mu01pn00.eps>
(epstopdf)             \includegraphics on input line 1308.
Package epstopdf Info: Output file is already uptodate.

<./Figure/dynamicmore/nmi5000mu01pn00-eps-converted-to.pdf, id=59, 523.9575pt x
 421.575pt>
File: ./Figure/dynamicmore/nmi5000mu01pn00-eps-converted-to.pdf Graphic file (t
ype pdf)
 <use ./Figure/dynamicmore/nmi5000mu01pn00-eps-converted-to.pdf>
Package pdftex.def Info: ./Figure/dynamicmore/nmi5000mu01pn00-eps-converted-to.
pdf used on input line 1308.
(pdftex.def)             Requested size: 118.4403pt x 95.29413pt.
Package epstopdf Info: Source file: <./Figure/dynamicmore/nmi5000mu01pn02.eps>
(epstopdf)                    date: 2017-12-01 20:29:01
(epstopdf)                    size: 11015 bytes
(epstopdf)             Output file: <./Figure/dynamicmore/nmi5000mu01pn02-eps-c
onverted-to.pdf>
(epstopdf)                    date: 2017-12-01 20:38:05
(epstopdf)                    size: 7966 bytes
(epstopdf)             Command: <repstopdf --outfile=./Figure/dynamicmore/nmi50
00mu01pn02-eps-converted-to.pdf ./Figure/dynamicmore/nmi5000mu01pn02.eps>
(epstopdf)             \includegraphics on input line 1311.
Package epstopdf Info: Output file is already uptodate.

<./Figure/dynamicmore/nmi5000mu01pn02-eps-converted-to.pdf, id=60, 523.9575pt x
 415.5525pt>
File: ./Figure/dynamicmore/nmi5000mu01pn02-eps-converted-to.pdf Graphic file (t
ype pdf)
 <use ./Figure/dynamicmore/nmi5000mu01pn02-eps-converted-to.pdf>
Package pdftex.def Info: ./Figure/dynamicmore/nmi5000mu01pn02-eps-converted-to.
pdf used on input line 1311.
(pdftex.def)             Requested size: 118.4403pt x 93.93279pt.
Package epstopdf Info: Source file: <./Figure/dynamicmore/nmi5000mu03pn02.eps>
(epstopdf)                    date: 2017-12-01 20:29:01
(epstopdf)                    size: 11014 bytes
(epstopdf)             Output file: <./Figure/dynamicmore/nmi5000mu03pn02-eps-c
onverted-to.pdf>
(epstopdf)                    date: 2017-12-01 20:38:05
(epstopdf)                    size: 7955 bytes
(epstopdf)             Command: <repstopdf --outfile=./Figure/dynamicmore/nmi50
00mu03pn02-eps-converted-to.pdf ./Figure/dynamicmore/nmi5000mu03pn02.eps>
(epstopdf)             \includegraphics on input line 1314.
Package epstopdf Info: Output file is already uptodate.

<./Figure/dynamicmore/nmi5000mu03pn02-eps-converted-to.pdf, id=61, 523.9575pt x
 415.5525pt>
File: ./Figure/dynamicmore/nmi5000mu03pn02-eps-converted-to.pdf Graphic file (t
ype pdf)
 <use ./Figure/dynamicmore/nmi5000mu03pn02-eps-converted-to.pdf>
Package pdftex.def Info: ./Figure/dynamicmore/nmi5000mu03pn02-eps-converted-to.
pdf used on input line 1314.
(pdftex.def)             Requested size: 118.4403pt x 93.93279pt.
Package epstopdf Info: Source file: <./Figure/dynamicmore/nmi5000mu03pn04.eps>
(epstopdf)                    date: 2017-12-01 20:29:02
(epstopdf)                    size: 11021 bytes
(epstopdf)             Output file: <./Figure/dynamicmore/nmi5000mu03pn04-eps-c
onverted-to.pdf>
(epstopdf)                    date: 2017-12-01 20:38:05
(epstopdf)                    size: 7947 bytes
(epstopdf)             Command: <repstopdf --outfile=./Figure/dynamicmore/nmi50
00mu03pn04-eps-converted-to.pdf ./Figure/dynamicmore/nmi5000mu03pn04.eps>
(epstopdf)             \includegraphics on input line 1317.
Package epstopdf Info: Output file is already uptodate.

<./Figure/dynamicmore/nmi5000mu03pn04-eps-converted-to.pdf, id=62, 523.9575pt x
 415.5525pt>
File: ./Figure/dynamicmore/nmi5000mu03pn04-eps-converted-to.pdf Graphic file (t
ype pdf)
 <use ./Figure/dynamicmore/nmi5000mu03pn04-eps-converted-to.pdf>
Package pdftex.def Info: ./Figure/dynamicmore/nmi5000mu03pn04-eps-converted-to.
pdf used on input line 1317.
(pdftex.def)             Requested size: 118.4403pt x 93.93279pt.
Package epstopdf Info: Source file: <./Figure/dynamicmore/nmi10000mu01pn00.eps>

(epstopdf)                    date: 2017-12-01 20:29:02
(epstopdf)                    size: 11012 bytes
(epstopdf)             Output file: <./Figure/dynamicmore/nmi10000mu01pn00-eps-
converted-to.pdf>
(epstopdf)                    date: 2017-12-01 20:47:57
(epstopdf)                    size: 7930 bytes
(epstopdf)             Command: <repstopdf --outfile=./Figure/dynamicmore/nmi10
000mu01pn00-eps-converted-to.pdf ./Figure/dynamicmore/nmi10000mu01pn00.eps>
(epstopdf)             \includegraphics on input line 1326.
Package epstopdf Info: Output file is already uptodate.

<./Figure/dynamicmore/nmi10000mu01pn00-eps-converted-to.pdf, id=63, 523.9575pt 
x 421.575pt>
File: ./Figure/dynamicmore/nmi10000mu01pn00-eps-converted-to.pdf Graphic file (
type pdf)
 <use ./Figure/dynamicmore/nmi10000mu01pn00-eps-converted-to.pdf>
Package pdftex.def Info: ./Figure/dynamicmore/nmi10000mu01pn00-eps-converted-to
.pdf used on input line 1326.
(pdftex.def)             Requested size: 118.4403pt x 95.29413pt.
Package epstopdf Info: Source file: <./Figure/dynamicmore/nmi10000mu01pn02.eps>

(epstopdf)                    date: 2017-12-01 20:29:03
(epstopdf)                    size: 11022 bytes
(epstopdf)             Output file: <./Figure/dynamicmore/nmi10000mu01pn02-eps-
converted-to.pdf>
(epstopdf)                    date: 2017-12-01 20:47:57
(epstopdf)                    size: 7968 bytes
(epstopdf)             Command: <repstopdf --outfile=./Figure/dynamicmore/nmi10
000mu01pn02-eps-converted-to.pdf ./Figure/dynamicmore/nmi10000mu01pn02.eps>
(epstopdf)             \includegraphics on input line 1329.
Package epstopdf Info: Output file is already uptodate.

<./Figure/dynamicmore/nmi10000mu01pn02-eps-converted-to.pdf, id=64, 523.9575pt 
x 415.5525pt>
File: ./Figure/dynamicmore/nmi10000mu01pn02-eps-converted-to.pdf Graphic file (
type pdf)
 <use ./Figure/dynamicmore/nmi10000mu01pn02-eps-converted-to.pdf>
Package pdftex.def Info: ./Figure/dynamicmore/nmi10000mu01pn02-eps-converted-to
.pdf used on input line 1329.
(pdftex.def)             Requested size: 118.4403pt x 93.93279pt.
Package epstopdf Info: Source file: <./Figure/dynamicmore/nmi10000mu03pn02.eps>

(epstopdf)                    date: 2017-12-01 20:29:03
(epstopdf)                    size: 11017 bytes
(epstopdf)             Output file: <./Figure/dynamicmore/nmi10000mu03pn02-eps-
converted-to.pdf>
(epstopdf)                    date: 2017-12-01 20:47:57
(epstopdf)                    size: 7964 bytes
(epstopdf)             Command: <repstopdf --outfile=./Figure/dynamicmore/nmi10
000mu03pn02-eps-converted-to.pdf ./Figure/dynamicmore/nmi10000mu03pn02.eps>
(epstopdf)             \includegraphics on input line 1332.
Package epstopdf Info: Output file is already uptodate.

<./Figure/dynamicmore/nmi10000mu03pn02-eps-converted-to.pdf, id=65, 523.9575pt 
x 415.5525pt>
File: ./Figure/dynamicmore/nmi10000mu03pn02-eps-converted-to.pdf Graphic file (
type pdf)
 <use ./Figure/dynamicmore/nmi10000mu03pn02-eps-converted-to.pdf>
Package pdftex.def Info: ./Figure/dynamicmore/nmi10000mu03pn02-eps-converted-to
.pdf used on input line 1332.
(pdftex.def)             Requested size: 118.4403pt x 93.93279pt.
Package epstopdf Info: Source file: <./Figure/dynamicmore/nmi10000mu03pn04.eps>

(epstopdf)                    date: 2017-12-01 20:29:04
(epstopdf)                    size: 11018 bytes
(epstopdf)             Output file: <./Figure/dynamicmore/nmi10000mu03pn04-eps-
converted-to.pdf>
(epstopdf)                    date: 2017-12-01 20:47:58
(epstopdf)                    size: 7964 bytes
(epstopdf)             Command: <repstopdf --outfile=./Figure/dynamicmore/nmi10
000mu03pn04-eps-converted-to.pdf ./Figure/dynamicmore/nmi10000mu03pn04.eps>
(epstopdf)             \includegraphics on input line 1335.
Package epstopdf Info: Output file is already uptodate.

<./Figure/dynamicmore/nmi10000mu03pn04-eps-converted-to.pdf, id=66, 523.9575pt 
x 415.5525pt>
File: ./Figure/dynamicmore/nmi10000mu03pn04-eps-converted-to.pdf Graphic file (
type pdf)
 <use ./Figure/dynamicmore/nmi10000mu03pn04-eps-converted-to.pdf>
Package pdftex.def Info: ./Figure/dynamicmore/nmi10000mu03pn04-eps-converted-to
.pdf used on input line 1335.
(pdftex.def)             Requested size: 118.4403pt x 93.93279pt.

[8 <./Figure/dynamicmore/nmi5000mu01pn00-eps-converted-to.pdf> <./Figure/dynami
cmore/nmi5000mu01pn02-eps-converted-to.pdf> <./Figure/dynamicmore/nmi5000mu03pn
02-eps-converted-to.pdf> <./Figure/dynamicmore/nmi5000mu03pn04-eps-converted-to
.pdf> <./Figure/dynamicmore/nmi10000mu01pn00-eps-converted-to.pdf> <./Figure/dy
namicmore/nmi10000mu01pn02-eps-converted-to.pdf> <./Figure/dynamicmore/nmi10000
mu03pn02-eps-converted-to.pdf> <./Figure/dynamicmore/nmi10000mu03pn04-eps-conve
rted-to.pdf>] [9]

LaTeX Warning: Reference `fig:SN100Comparisonmore' on page 10 undefined on inpu
t line 1344.


LaTeX Warning: Reference `fig:SN500Comparisonmore' on page 10 undefined on inpu
t line 1347.


LaTeX Warning: Reference `fig:SN10000Comparisonmore' on page 10 undefined on in
put line 1357.


LaTeX Warning: Reference `fig:SN10000Comparisonmore' on page 10 undefined on in
put line 1359.


Underfull \hbox (badness 1371) in paragraph at lines 1363--1364
[]\OT1/ptm/m/n/10 In this pa-per, CAEAh-SN is pro-posed to ex-tend the
 []

(./CAEAq-SN.bbl [10]
Underfull \hbox (badness 1546) in paragraph at lines 188--191
[]\OT1/ptm/m/n/8 M. Tas-gin, A. Herdagde-len, and H. Bin-gol, ``Com-mu-nity de-
tec-
 []

)
Package epstopdf Info: Source file: <photo/wying.eps>
(epstopdf)                    date: 2014-12-16 15:52:04
(epstopdf)                    size: 574153 bytes
(epstopdf)             Output file: <photo/wying-eps-converted-to.pdf>
(epstopdf)                    date: 2017-11-18 23:13:20
(epstopdf)                    size: 48464 bytes
(epstopdf)             Command: <repstopdf --outfile=photo/wying-eps-converted-
to.pdf photo/wying.eps>
(epstopdf)             \includegraphics on input line 1398.
Package epstopdf Info: Output file is already uptodate.
 <photo/wying-eps-converted-to.pdf, id=153, 73.27374pt x 91.34125pt>
File: photo/wying-eps-converted-to.pdf Graphic file (type pdf)

<use photo/wying-eps-converted-to.pdf>
Package pdftex.def Info: photo/wying-eps-converted-to.pdf used on input line 13
98.
(pdftex.def)             Requested size: 72.26952pt x 90.08942pt.
Package epstopdf Info: Source file: <photo/wying.eps>
(epstopdf)                    date: 2014-12-16 15:52:04
(epstopdf)                    size: 574153 bytes
(epstopdf)             Output file: <photo/wying-eps-converted-to.pdf>
(epstopdf)                    date: 2017-11-18 23:13:20
(epstopdf)                    size: 48464 bytes
(epstopdf)             Command: <repstopdf --outfile=photo/wying-eps-converted-
to.pdf photo/wying.eps>
(epstopdf)             \includegraphics on input line 1398.
Package epstopdf Info: Output file is already uptodate.
File: photo/wying-eps-converted-to.pdf Graphic file (type pdf)
 <use photo/wying-eps-converted-to.pdf>
Package pdftex.def Info: photo/wying-eps-converted-to.pdf used on input line 13
98.
(pdftex.def)             Requested size: 72.26952pt x 90.08942pt.
Package epstopdf Info: Source file: <photo/pengfeichao.eps>
(epstopdf)                    date: 2017-10-06 19:18:23
(epstopdf)                    size: 638596 bytes
(epstopdf)             Output file: <photo/pengfeichao-eps-converted-to.pdf>
(epstopdf)                    date: 2017-11-18 23:13:20
(epstopdf)                    size: 28207 bytes
(epstopdf)             Command: <repstopdf --outfile=photo/pengfeichao-eps-conv
erted-to.pdf photo/pengfeichao.eps>
(epstopdf)             \includegraphics on input line 1412.
Package epstopdf Info: Output file is already uptodate.

<photo/pengfeichao-eps-converted-to.pdf, id=156, 86.3225pt x 107.40125pt>
File: photo/pengfeichao-eps-converted-to.pdf Graphic file (type pdf)

<use photo/pengfeichao-eps-converted-to.pdf>
Package pdftex.def Info: photo/pengfeichao-eps-converted-to.pdf used on input l
ine 1412.
(pdftex.def)             Requested size: 72.27066pt x 89.91815pt.
Package epstopdf Info: Source file: <photo/pengfeichao.eps>
(epstopdf)                    date: 2017-10-06 19:18:23
(epstopdf)                    size: 638596 bytes
(epstopdf)             Output file: <photo/pengfeichao-eps-converted-to.pdf>
(epstopdf)                    date: 2017-11-18 23:13:20
(epstopdf)                    size: 28207 bytes
(epstopdf)             Command: <repstopdf --outfile=photo/pengfeichao-eps-conv
erted-to.pdf photo/pengfeichao.eps>
(epstopdf)             \includegraphics on input line 1412.
Package epstopdf Info: Output file is already uptodate.
File: photo/pengfeichao-eps-converted-to.pdf Graphic file (type pdf)

<use photo/pengfeichao-eps-converted-to.pdf>
Package pdftex.def Info: photo/pengfeichao-eps-converted-to.pdf used on input l
ine 1412.
(pdftex.def)             Requested size: 72.27066pt x 89.91815pt.
 [11 <./photo/wying-eps-converted-to.pdf> <./photo/pengfeichao-eps-converted-to
.pdf>]
Package epstopdf Info: Source file: <photo/yxie.eps>
(epstopdf)                    date: 2016-12-16 17:01:31
(epstopdf)                    size: 1754463 bytes
(epstopdf)             Output file: <photo/yxie-eps-converted-to.pdf>
(epstopdf)                    date: 2017-11-18 23:13:21
(epstopdf)                    size: 94079 bytes
(epstopdf)             Command: <repstopdf --outfile=photo/yxie-eps-converted-t
o.pdf photo/yxie.eps>
(epstopdf)             \includegraphics on input line 1422.
Package epstopdf Info: Output file is already uptodate.

<photo/yxie-eps-converted-to.pdf, id=171, 604.2575pt x 752.8125pt>
File: photo/yxie-eps-converted-to.pdf Graphic file (type pdf)

<use photo/yxie-eps-converted-to.pdf>
Package pdftex.def Info: photo/yxie-eps-converted-to.pdf used on input line 142
2.
(pdftex.def)             Requested size: 72.26804pt x 90.03493pt.
Package epstopdf Info: Source file: <photo/yxie.eps>
(epstopdf)                    date: 2016-12-16 17:01:31
(epstopdf)                    size: 1754463 bytes
(epstopdf)             Output file: <photo/yxie-eps-converted-to.pdf>
(epstopdf)                    date: 2017-11-18 23:13:21
(epstopdf)                    size: 94079 bytes
(epstopdf)             Command: <repstopdf --outfile=photo/yxie-eps-converted-t
o.pdf photo/yxie.eps>
(epstopdf)             \includegraphics on input line 1422.
Package epstopdf Info: Output file is already uptodate.
File: photo/yxie-eps-converted-to.pdf Graphic file (type pdf)
 <use photo/yxie-eps-converted-to.pdf>
Package pdftex.def Info: photo/yxie-eps-converted-to.pdf used on input line 142
2.
(pdftex.def)             Requested size: 72.26804pt x 90.03493pt.

Underfull \hbox (badness 2443) in paragraph at lines 1422--1429
[]\OT1/ptm/m/n/8 His cur-rent re-search in-ter-ests in-clude multi-
 []

Package epstopdf Info: Source file: <photo/zhenyuwang.eps>
(epstopdf)                    date: 2017-10-06 16:16:12
(epstopdf)                    size: 67498 bytes
(epstopdf)             Output file: <photo/zhenyuwang-eps-converted-to.pdf>
(epstopdf)                    date: 2017-11-18 23:13:21
(epstopdf)                    size: 30016 bytes
(epstopdf)             Command: <repstopdf --outfile=photo/zhenyuwang-eps-conve
rted-to.pdf photo/zhenyuwang.eps>
(epstopdf)             \includegraphics on input line 1431.
Package epstopdf Info: Output file is already uptodate.
<photo/zhenyuwang-eps-converted-to.pdf, id=174, 117.43875pt x 146.5475pt>
File: photo/zhenyuwang-eps-converted-to.pdf Graphic file (type pdf)

<use photo/zhenyuwang-eps-converted-to.pdf>
Package pdftex.def Info: photo/zhenyuwang-eps-converted-to.pdf used on input li
ne 1431.
(pdftex.def)             Requested size: 72.27008pt x 90.18318pt.
Package epstopdf Info: Source file: <photo/zhenyuwang.eps>
(epstopdf)                    date: 2017-10-06 16:16:12
(epstopdf)                    size: 67498 bytes
(epstopdf)             Output file: <photo/zhenyuwang-eps-converted-to.pdf>
(epstopdf)                    date: 2017-11-18 23:13:21
(epstopdf)                    size: 30016 bytes
(epstopdf)             Command: <repstopdf --outfile=photo/zhenyuwang-eps-conve
rted-to.pdf photo/zhenyuwang.eps>
(epstopdf)             \includegraphics on input line 1431.
Package epstopdf Info: Output file is already uptodate.
File: photo/zhenyuwang-eps-converted-to.pdf Graphic file (type pdf)

<use photo/zhenyuwang-eps-converted-to.pdf>
Package pdftex.def Info: photo/zhenyuwang-eps-converted-to.pdf used on input li
ne 1431.
(pdftex.def)             Requested size: 72.27008pt x 90.18318pt.
Package epstopdf Info: Source file: <photo/yuwu.eps>
(epstopdf)                    date: 2017-10-07 21:39:25
(epstopdf)                    size: 639978 bytes
(epstopdf)             Output file: <photo/yuwu-eps-converted-to.pdf>
(epstopdf)                    date: 2017-11-18 23:13:21
(epstopdf)                    size: 25004 bytes
(epstopdf)             Command: <repstopdf --outfile=photo/yuwu-eps-converted-t
o.pdf photo/yuwu.eps>
(epstopdf)             \includegraphics on input line 1441.
Package epstopdf Info: Output file is already uptodate.

<photo/yuwu-eps-converted-to.pdf, id=177, 86.3225pt x 107.40125pt>
File: photo/yuwu-eps-converted-to.pdf Graphic file (type pdf)

<use photo/yuwu-eps-converted-to.pdf>
Package pdftex.def Info: photo/yuwu-eps-converted-to.pdf used on input line 144
1.
(pdftex.def)             Requested size: 72.27066pt x 89.91815pt.
Package epstopdf Info: Source file: <photo/yuwu.eps>
(epstopdf)                    date: 2017-10-07 21:39:25
(epstopdf)                    size: 639978 bytes
(epstopdf)             Output file: <photo/yuwu-eps-converted-to.pdf>
(epstopdf)                    date: 2017-11-18 23:13:21
(epstopdf)                    size: 25004 bytes
(epstopdf)             Command: <repstopdf --outfile=photo/yuwu-eps-converted-t
o.pdf photo/yuwu.eps>
(epstopdf)             \includegraphics on input line 1441.
Package epstopdf Info: Output file is already uptodate.
File: photo/yuwu-eps-converted-to.pdf Graphic file (type pdf)
 <use photo/yuwu-eps-converted-to.pdf>
Package pdftex.def Info: photo/yuwu-eps-converted-to.pdf used on input line 144
1.
(pdftex.def)             Requested size: 72.27066pt x 89.91815pt.

[12

 <./photo/yxie-eps-converted-to.pdf> <./photo/zhenyuwang-eps-converted-to.pdf> 
<./photo/yuwu-eps-converted-to.pdf>] (./CAEAq-SN.aux)

LaTeX Warning: There were undefined references.


LaTeX Warning: There were multiply-defined labels.

 )
(\end occurred inside a group at level 1)

### simple group (level 1) entered at line 1061 ({)
### bottom level 
Here is how much of TeX's memory you used:
 8143 strings out of 492995
 121352 string characters out of 6132704
 273427 words of memory out of 5000000
 11507 multiletter control sequences out of 15000+600000
 59710 words of font info for 132 fonts, out of 8000000 for 9000
 1144 hyphenation exceptions out of 8191
 39i,19n,49p,1434b,4346s stack positions out of 5000i,500n,10000p,200000b,80000s
{/usr/local/texlive/2017/texmf-dist/fonts/enc/dvips/base/8r.enc
}</usr/local/texlive/2017/texmf-dist/fonts/type1/public/amsfonts/cmextra/cmbsy6
.pfb></usr/local/texlive/2017/texmf-dist/fonts/type1/public/amsfonts/cm/cmbx10.
pfb></usr/local/texlive/2017/texmf-dist/fonts/type1/public/amsfonts/cm/cmbx6.pf
b></usr/local/texlive/2017/texmf-dist/fonts/type1/public/amsfonts/cm/cmex10.pfb
></usr/local/texlive/2017/texmf-dist/fonts/type1/public/amsfonts/cm/cmmi10.pfb>
</usr/local/texlive/2017/texmf-dist/fonts/type1/public/amsfonts/cm/cmmi5.pfb></
usr/local/texlive/2017/texmf-dist/fonts/type1/public/amsfonts/cm/cmmi7.pfb></us
r/local/texlive/2017/texmf-dist/fonts/type1/public/amsfonts/cm/cmmi8.pfb></usr/
local/texlive/2017/texmf-dist/fonts/type1/public/amsfonts/cmextra/cmmib9.pfb></
usr/local/texlive/2017/texmf-dist/fonts/type1/public/amsfonts/cm/cmr10.pfb></us
r/local/texlive/2017/texmf-dist/fonts/type1/public/amsfonts/cm/cmr5.pfb></usr/l
ocal/texlive/2017/texmf-dist/fonts/type1/public/amsfonts/cm/cmr7.pfb></usr/loca
l/texlive/2017/texmf-dist/fonts/type1/public/amsfonts/cm/cmr8.pfb></usr/local/t
exlive/2017/texmf-dist/fonts/type1/public/amsfonts/cm/cmsy10.pfb></usr/local/te
xlive/2017/texmf-dist/fonts/type1/public/amsfonts/cm/cmsy5.pfb></usr/local/texl
ive/2017/texmf-dist/fonts/type1/public/amsfonts/cm/cmsy6.pfb></usr/local/texliv
e/2017/texmf-dist/fonts/type1/public/amsfonts/cm/cmsy7.pfb></usr/local/texlive/
2017/texmf-dist/fonts/type1/public/amsfonts/cm/cmsy8.pfb></usr/local/texlive/20
17/texmf-dist/fonts/type1/public/amsfonts/symbols/msam7.pfb></usr/local/texlive
/2017/texmf-dist/fonts/type1/urw/times/utmb8a.pfb></usr/local/texlive/2017/texm
f-dist/fonts/type1/urw/times/utmbi8a.pfb></usr/local/texlive/2017/texmf-dist/fo
nts/type1/urw/times/utmr8a.pfb></usr/local/texlive/2017/texmf-dist/fonts/type1/
urw/times/utmri8a.pfb>
Output written on CAEAq-SN.pdf (12 pages, 699260 bytes).
PDF statistics:
 270 PDF objects out of 1000 (max. 8388607)
 177 compressed objects within 2 object streams
 0 named destinations out of 1000 (max. 500000)
 146 words of extra memory for PDF output out of 10000 (max. 10000000)

